  Rendered profile/_gallery.html.slim (569.5ms)
Read fragment views/user-public-show-info-other-544-1517258097-false/uk/6b62fa87d5f3ab118952392bf574d039 (0.4ms)
Read fragment views/user-public-venue-info-544-1517258097/uk/6b62fa87d5f3ab118952392bf574d039 (0.2ms)
  Rendered articles/_sidebar_articles_cover.html.slim (19.0ms)
  Rendered favorites/_add_icon.html.erb (0.5ms)
  Rendered favorites/_user.html.slim (20.6ms)
  Rendered favorites/_add_icon.html.erb (0.3ms)
  Rendered favorites/_user.html.slim (13.4ms)
  Rendered favorites/_user.html.slim (213.4ms)
  Rendered favorites/_user.html.slim (213.4ms)
  Rendered favorites/_user.html.slim (413.4ms)
  Rendered favorites/_user.html.slim (13.4ms)
  Rendered favorites/_user.html.slim (1113.4ms)
  Rendered favorites/_add_icon.html.erb (0.3ms)
  Rendered favorites/_user.html.slim (14.1ms)
  Rendered profile/show.html.slim within layouts/normal (818.8ms)
  Rendered layouts/_title_and_actions.html.slim (0.1ms)
  Rendered /here/goes/.some/.very/long/path/to/the/some/view/which/also/comes/from/the/gem/gemname/version-0.0.0/app/layouts/_some_partial.html.slim (0.1ms)
  Rendering inline template within layouts/application
  Rendered inline template within layouts/application (4.0ms)
  Rendered shared/_onesignal.html.erb (0.1ms)
  Rendered shared/_fb_recommend.html.erb (0.1ms)
Read fragment views/shared-ga/uk/738c5b10471ec4e2b2073e052847c605 (0.4ms)
  Rendered shared/header/_top_nav.html.slim (6.4ms)
  Rendered shared/header/_main_nav.html.slim (3.7ms)
  Rendered shared/_header.html.slim (13.4ms)
Read fragment views/site-1-1515576370-footer-partials-true/uk/02917fb70e1120d374efbce4bc4a3642 (0.4ms)
  Rendered shared/_footer.html.slim (3.2ms)
Completed 200 OK in 1000ms (Views: 577.3ms | ActiveRecord: 339.8ms)
  Rendering inline template within layouts/application
  Rendered inline template within layouts/application (56.1ms)
  Rendered shared/_onesignal.html.erb (0.1ms)
  Rendered shared/_fb_recommend.html.erb (0.0ms)
